[0.045s] Invoking command in '/home/turtlebot1/ros2_ws/build/mqtt_rgb_bridge': CMAKE_PREFIX_PATH=${CMAKE_PREFIX_PATH}:/home/turtlebot1/ros2_ws/install/realsense_camera:/home/turtlebot1/turtlebot3_ws/install/turtlebot3_teleop:/home/turtlebot1/turtlebot3_ws/install/turtlebot3_example:/opt/ros/humble /usr/bin/cmake /home/turtlebot1/ros2_ws/src/mqtt_rgb_bridge -DAMENT_CMAKE_SYMLINK_INSTALL=1 -DCMAKE_INSTALL_PREFIX=/home/turtlebot1/ros2_ws/install/mqtt_rgb_bridge
[0.314s] -- The C compiler identification is GNU 11.4.0
[0.566s] -- The CXX compiler identification is GNU 11.4.0
[0.595s] -- Detecting C compiler ABI info
[0.913s] -- Detecting C compiler ABI info - done
[0.937s] -- Check for working C compiler: /usr/bin/cc - skipped
[0.938s] -- Detecting C compile features
[0.940s] -- Detecting C compile features - done
[0.950s] -- Detecting CXX compiler ABI info
[1.295s] -- Detecting CXX compiler ABI info - done
[1.320s] -- Check for working CXX compiler: /usr/bin/c++ - skipped
[1.321s] -- Detecting CXX compile features
[1.323s] -- Detecting CXX compile features - done
[1.354s] -- Found ament_cmake: 1.3.12 (/opt/ros/humble/share/ament_cmake/cmake)
[2.110s] -- Found Python3: /usr/bin/python3 (found version "3.10.12") found components: Interpreter 
[2.404s] -- Override CMake install command with custom implementation using symlinks instead of copying resources
[2.757s] -- Found rclcpp: 16.0.17 (/opt/ros/humble/share/rclcpp/cmake)
[3.139s] -- Found rosidl_generator_c: 3.1.8 (/opt/ros/humble/share/rosidl_generator_c/cmake)
[3.194s] -- Found rosidl_adapter: 3.1.8 (/opt/ros/humble/share/rosidl_adapter/cmake)
[3.263s] -- Found rosidl_generator_cpp: 3.1.8 (/opt/ros/humble/share/rosidl_generator_cpp/cmake)
[3.348s] -- Using all available rosidl_typesupport_c: rosidl_typesupport_fastrtps_c;rosidl_typesupport_introspection_c
[3.466s] -- Using all available rosidl_typesupport_cpp: rosidl_typesupport_fastrtps_cpp;rosidl_typesupport_introspection_cpp
[3.808s] -- Found rmw_implementation_cmake: 6.1.2 (/opt/ros/humble/share/rmw_implementation_cmake/cmake)
[3.838s] -- Found rmw_cyclonedds_cpp: 1.3.4 (/opt/ros/humble/share/rmw_cyclonedds_cpp/cmake)
[3.996s] -- Using RMW implementation 'rmw_cyclonedds_cpp' as default
[4.083s] -- Looking for pthread.h
[4.420s] -- Looking for pthread.h - found
[4.421s] -- Performing Test CMAKE_HAVE_LIBC_PTHREAD
[4.753s] -- Performing Test CMAKE_HAVE_LIBC_PTHREAD - Success
[4.757s] -- Found Threads: TRUE  
[5.041s] -- Found sensor_msgs: 4.9.0 (/opt/ros/humble/share/sensor_msgs/cmake)
[5.222s] -- Found OpenCV: /usr (found version "4.5.4") 
[5.529s] -- Configuring done
[5.654s] -- Generating done
[5.683s] -- Build files have been written to: /home/turtlebot1/ros2_ws/build/mqtt_rgb_bridge
[5.713s] Invoked command in '/home/turtlebot1/ros2_ws/build/mqtt_rgb_bridge' returned '0': CMAKE_PREFIX_PATH=${CMAKE_PREFIX_PATH}:/home/turtlebot1/ros2_ws/install/realsense_camera:/home/turtlebot1/turtlebot3_ws/install/turtlebot3_teleop:/home/turtlebot1/turtlebot3_ws/install/turtlebot3_example:/opt/ros/humble /usr/bin/cmake /home/turtlebot1/ros2_ws/src/mqtt_rgb_bridge -DAMENT_CMAKE_SYMLINK_INSTALL=1 -DCMAKE_INSTALL_PREFIX=/home/turtlebot1/ros2_ws/install/mqtt_rgb_bridge
[5.724s] Invoking command in '/home/turtlebot1/ros2_ws/build/mqtt_rgb_bridge': CMAKE_PREFIX_PATH=${CMAKE_PREFIX_PATH}:/home/turtlebot1/ros2_ws/install/realsense_camera:/home/turtlebot1/turtlebot3_ws/install/turtlebot3_teleop:/home/turtlebot1/turtlebot3_ws/install/turtlebot3_example:/opt/ros/humble /usr/bin/cmake --build /home/turtlebot1/ros2_ws/build/mqtt_rgb_bridge -- -j4 -l4
[5.935s] [ 50%] [32mBuilding CXX object CMakeFiles/realsense_gpu_combined.dir/src/rgbpc.cpp.o[0m
[35.170s] [100%] [32m[1mLinking CXX executable realsense_gpu_combined[0m
[38.127s] [100%] Built target realsense_gpu_combined
[38.166s] Invoked command in '/home/turtlebot1/ros2_ws/build/mqtt_rgb_bridge' returned '0': CMAKE_PREFIX_PATH=${CMAKE_PREFIX_PATH}:/home/turtlebot1/ros2_ws/install/realsense_camera:/home/turtlebot1/turtlebot3_ws/install/turtlebot3_teleop:/home/turtlebot1/turtlebot3_ws/install/turtlebot3_example:/opt/ros/humble /usr/bin/cmake --build /home/turtlebot1/ros2_ws/build/mqtt_rgb_bridge -- -j4 -l4
[38.207s] Invoking command in '/home/turtlebot1/ros2_ws/build/mqtt_rgb_bridge': CMAKE_PREFIX_PATH=${CMAKE_PREFIX_PATH}:/home/turtlebot1/ros2_ws/install/realsense_camera:/home/turtlebot1/turtlebot3_ws/install/turtlebot3_teleop:/home/turtlebot1/turtlebot3_ws/install/turtlebot3_example:/opt/ros/humble /usr/bin/cmake --install /home/turtlebot1/ros2_ws/build/mqtt_rgb_bridge
[38.235s] -- Install configuration: ""
[38.236s] -- Execute custom install script
[38.238s] -- Symlinking: /home/turtlebot1/ros2_ws/install/mqtt_rgb_bridge/lib/mqtt_rgb_bridge/realsense_gpu_combined
[38.272s] -- Symlinking: /home/turtlebot1/ros2_ws/install/mqtt_rgb_bridge/share/ament_index/resource_index/package_run_dependencies/mqtt_rgb_bridge
[38.305s] -- Symlinking: /home/turtlebot1/ros2_ws/install/mqtt_rgb_bridge/share/ament_index/resource_index/parent_prefix_path/mqtt_rgb_bridge
[38.337s] -- Symlinking: /home/turtlebot1/ros2_ws/install/mqtt_rgb_bridge/share/mqtt_rgb_bridge/environment/ament_prefix_path.sh
[38.370s] -- Symlinking: /home/turtlebot1/ros2_ws/install/mqtt_rgb_bridge/share/mqtt_rgb_bridge/environment/ament_prefix_path.dsv
[38.402s] -- Symlinking: /home/turtlebot1/ros2_ws/install/mqtt_rgb_bridge/share/mqtt_rgb_bridge/environment/path.sh
[38.434s] -- Symlinking: /home/turtlebot1/ros2_ws/install/mqtt_rgb_bridge/share/mqtt_rgb_bridge/environment/path.dsv
[38.466s] -- Symlinking: /home/turtlebot1/ros2_ws/install/mqtt_rgb_bridge/share/mqtt_rgb_bridge/local_setup.bash
[38.498s] -- Symlinking: /home/turtlebot1/ros2_ws/install/mqtt_rgb_bridge/share/mqtt_rgb_bridge/local_setup.sh
[38.530s] -- Symlinking: /home/turtlebot1/ros2_ws/install/mqtt_rgb_bridge/share/mqtt_rgb_bridge/local_setup.zsh
[38.562s] -- Symlinking: /home/turtlebot1/ros2_ws/install/mqtt_rgb_bridge/share/mqtt_rgb_bridge/local_setup.dsv
[38.594s] -- Symlinking: /home/turtlebot1/ros2_ws/install/mqtt_rgb_bridge/share/mqtt_rgb_bridge/package.dsv
[38.626s] -- Symlinking: /home/turtlebot1/ros2_ws/install/mqtt_rgb_bridge/share/ament_index/resource_index/packages/mqtt_rgb_bridge
[38.658s] -- Symlinking: /home/turtlebot1/ros2_ws/install/mqtt_rgb_bridge/share/mqtt_rgb_bridge/cmake/mqtt_rgb_bridgeConfig.cmake
[38.691s] -- Symlinking: /home/turtlebot1/ros2_ws/install/mqtt_rgb_bridge/share/mqtt_rgb_bridge/cmake/mqtt_rgb_bridgeConfig-version.cmake
[38.723s] -- Symlinking: /home/turtlebot1/ros2_ws/install/mqtt_rgb_bridge/share/mqtt_rgb_bridge/package.xml
[38.760s] Invoked command in '/home/turtlebot1/ros2_ws/build/mqtt_rgb_bridge' returned '0': CMAKE_PREFIX_PATH=${CMAKE_PREFIX_PATH}:/home/turtlebot1/ros2_ws/install/realsense_camera:/home/turtlebot1/turtlebot3_ws/install/turtlebot3_teleop:/home/turtlebot1/turtlebot3_ws/install/turtlebot3_example:/opt/ros/humble /usr/bin/cmake --install /home/turtlebot1/ros2_ws/build/mqtt_rgb_bridge
