[0.438s] DEBUG:colcon:Command line arguments: ['/usr/bin/colcon', 'build', '--symlink-install']
[0.438s] DEBUG:colcon:Parsed command line arguments: Namespace(log_base=None, log_level=None, verb_name='build', build_base='build', install_base='install', merge_install=False, symlink_install=True, test_result_base=None, continue_on_error=False, executor='parallel', parallel_workers=4, event_handlers=None, ignore_user_meta=False, metas=['./colcon.meta'], base_paths=['.'], packages_ignore=None, packages_ignore_regex=None, paths=None, packages_up_to=None, packages_up_to_regex=None, packages_above=None, packages_above_and_dependencies=None, packages_above_depth=None, packages_select_by_dep=None, packages_skip_by_dep=None, packages_skip_up_to=None, packages_select_build_failed=False, packages_skip_build_finished=False, packages_select_test_failures=False, packages_skip_test_passed=False, packages_select=None, packages_skip=None, packages_select_regex=None, packages_skip_regex=None, packages_start=None, packages_end=None, allow_overriding=[], cmake_args=None, cmake_target=None, cmake_target_skip_unavailable=False, cmake_clean_cache=False, cmake_clean_first=False, cmake_force_configure=False, ament_cmake_args=None, catkin_cmake_args=None, catkin_skip_building_tests=False, verb_parser=<colcon_defaults.argument_parser.defaults.DefaultArgumentsDecorator object at 0xffff8d562c20>, verb_extension=<colcon_core.verb.build.BuildVerb object at 0xffff8d6cc130>, main=<bound method BuildVerb.main of <colcon_core.verb.build.BuildVerb object at 0xffff8d6cc130>>)
[1.101s] Level 1:colcon.colcon_core.package_discovery:discover_packages(colcon_meta) check parameters
[1.101s] Level 1:colcon.colcon_core.package_discovery:discover_packages(recursive) check parameters
[1.101s] Level 1:colcon.colcon_core.package_discovery:discover_packages(ignore) check parameters
[1.101s] Level 1:colcon.colcon_core.package_discovery:discover_packages(path) check parameters
[1.102s] Level 1:colcon.colcon_core.package_discovery:discover_packages(colcon_meta) discover
[1.102s] Level 1:colcon.colcon_core.package_discovery:discover_packages(recursive) discover
[1.102s] INFO:colcon.colcon_core.package_discovery:Crawling recursively for packages in '/home/turtlebot1/ros2_ws/src'
[1.103s] Level 1:colcon.colcon_core.package_identification:_identify(.) by extensions ['ignore', 'ignore_ament_install']
[1.103s] Level 1:colcon.colcon_core.package_identification:_identify(.) by extension 'ignore'
[1.103s] Level 1:colcon.colcon_core.package_identification:_identify(.) by extension 'ignore_ament_install'
[1.103s] Level 1:colcon.colcon_core.package_identification:_identify(.) by extensions ['colcon_pkg']
[1.103s] Level 1:colcon.colcon_core.package_identification:_identify(.) by extension 'colcon_pkg'
[1.104s] Level 1:colcon.colcon_core.package_identification:_identify(.) by extensions ['colcon_meta']
[1.104s] Level 1:colcon.colcon_core.package_identification:_identify(.) by extension 'colcon_meta'
[1.104s] Level 1:colcon.colcon_core.package_identification:_identify(.) by extensions ['ros']
[1.104s] Level 1:colcon.colcon_core.package_identification:_identify(.) by extension 'ros'
[1.149s] Level 1:colcon.colcon_core.package_identification:_identify(.) by extensions ['cmake', 'python']
[1.150s] Level 1:colcon.colcon_core.package_identification:_identify(.) by extension 'cmake'
[1.150s] Level 1:colcon.colcon_core.package_identification:_identify(.) by extension 'python'
[1.150s] Level 1:colcon.colcon_core.package_identification:_identify(.) by extensions ['python_setup_py']
[1.150s] Level 1:colcon.colcon_core.package_identification:_identify(.) by extension 'python_setup_py'
[1.151s] Level 1:colcon.colcon_core.package_identification:_identify(build) by extensions ['ignore', 'ignore_ament_install']
[1.151s] Level 1:colcon.colcon_core.package_identification:_identify(build) by extension 'ignore'
[1.151s] Level 1:colcon.colcon_core.package_identification:_identify(build) ignored
[1.152s] Level 1:colcon.colcon_core.package_identification:_identify(install) by extensions ['ignore', 'ignore_ament_install']
[1.152s] Level 1:colcon.colcon_core.package_identification:_identify(install) by extension 'ignore'
[1.152s] Level 1:colcon.colcon_core.package_identification:_identify(install) ignored
[1.153s] Level 1:colcon.colcon_core.package_identification:_identify(log) by extensions ['ignore', 'ignore_ament_install']
[1.153s] Level 1:colcon.colcon_core.package_identification:_identify(log) by extension 'ignore'
[1.153s] Level 1:colcon.colcon_core.package_identification:_identify(log) ignored
[1.155s] Level 1:colcon.colcon_core.package_identification:_identify(mqtt_rgb_bridge) by extensions ['ignore', 'ignore_ament_install']
[1.155s] Level 1:colcon.colcon_core.package_identification:_identify(mqtt_rgb_bridge) by extension 'ignore'
[1.156s] Level 1:colcon.colcon_core.package_identification:_identify(mqtt_rgb_bridge) by extension 'ignore_ament_install'
[1.156s] Level 1:colcon.colcon_core.package_identification:_identify(mqtt_rgb_bridge) by extensions ['colcon_pkg']
[1.156s] Level 1:colcon.colcon_core.package_identification:_identify(mqtt_rgb_bridge) by extension 'colcon_pkg'
[1.156s] Level 1:colcon.colcon_core.package_identification:_identify(mqtt_rgb_bridge) by extensions ['colcon_meta']
[1.156s] Level 1:colcon.colcon_core.package_identification:_identify(mqtt_rgb_bridge) by extension 'colcon_meta'
[1.157s] Level 1:colcon.colcon_core.package_identification:_identify(mqtt_rgb_bridge) by extensions ['ros']
[1.157s] Level 1:colcon.colcon_core.package_identification:_identify(mqtt_rgb_bridge) by extension 'ros'
[1.172s] DEBUG:colcon.colcon_core.package_identification:Package 'mqtt_rgb_bridge' with type 'ros.ament_cmake' and name 'mqtt_rgb_bridge'
[1.173s] Level 1:colcon.colcon_core.package_identification:_identify(realsense_camera) by extensions ['ignore', 'ignore_ament_install']
[1.174s] Level 1:colcon.colcon_core.package_identification:_identify(realsense_camera) by extension 'ignore'
[1.174s] Level 1:colcon.colcon_core.package_identification:_identify(realsense_camera) by extension 'ignore_ament_install'
[1.174s] Level 1:colcon.colcon_core.package_identification:_identify(realsense_camera) by extensions ['colcon_pkg']
[1.174s] Level 1:colcon.colcon_core.package_identification:_identify(realsense_camera) by extension 'colcon_pkg'
[1.174s] Level 1:colcon.colcon_core.package_identification:_identify(realsense_camera) by extensions ['colcon_meta']
[1.175s] Level 1:colcon.colcon_core.package_identification:_identify(realsense_camera) by extension 'colcon_meta'
[1.175s] Level 1:colcon.colcon_core.package_identification:_identify(realsense_camera) by extensions ['ros']
[1.175s] Level 1:colcon.colcon_core.package_identification:_identify(realsense_camera) by extension 'ros'
[1.178s] DEBUG:colcon.colcon_core.package_identification:Package 'realsense_camera' with type 'ros.ament_python' and name 'realsense_camera'
[1.178s] Level 1:colcon.colcon_core.package_discovery:discover_packages(recursive) using defaults
[1.179s] Level 1:colcon.colcon_core.package_discovery:discover_packages(ignore) discover
[1.179s] Level 1:colcon.colcon_core.package_discovery:discover_packages(ignore) using defaults
[1.179s] Level 1:colcon.colcon_core.package_discovery:discover_packages(path) discover
[1.179s] Level 1:colcon.colcon_core.package_discovery:discover_packages(path) using defaults
[1.263s] Level 1:colcon.colcon_core.package_discovery:discover_packages(prefix_path) check parameters
[1.263s] Level 1:colcon.colcon_core.package_discovery:discover_packages(prefix_path) discover
[1.276s] DEBUG:colcon.colcon_installed_package_information.package_discovery:Found 8 installed packages in /home/turtlebot1/turtlebot3_ws/install
[1.283s] DEBUG:colcon.colcon_installed_package_information.package_discovery:Found 196 installed packages in /opt/ros/humble
[1.287s] Level 1:colcon.colcon_core.package_discovery:discover_packages(prefix_path) using defaults
[1.447s] Level 5:colcon.colcon_core.verb:set package 'mqtt_rgb_bridge' build argument 'cmake_args' from command line to 'None'
[1.448s] Level 5:colcon.colcon_core.verb:set package 'mqtt_rgb_bridge' build argument 'cmake_target' from command line to 'None'
[1.448s] Level 5:colcon.colcon_core.verb:set package 'mqtt_rgb_bridge' build argument 'cmake_target_skip_unavailable' from command line to 'False'
[1.448s] Level 5:colcon.colcon_core.verb:set package 'mqtt_rgb_bridge' build argument 'cmake_clean_cache' from command line to 'False'
[1.448s] Level 5:colcon.colcon_core.verb:set package 'mqtt_rgb_bridge' build argument 'cmake_clean_first' from command line to 'False'
[1.448s] Level 5:colcon.colcon_core.verb:set package 'mqtt_rgb_bridge' build argument 'cmake_force_configure' from command line to 'False'
[1.448s] Level 5:colcon.colcon_core.verb:set package 'mqtt_rgb_bridge' build argument 'ament_cmake_args' from command line to 'None'
[1.448s] Level 5:colcon.colcon_core.verb:set package 'mqtt_rgb_bridge' build argument 'catkin_cmake_args' from command line to 'None'
[1.448s] Level 5:colcon.colcon_core.verb:set package 'mqtt_rgb_bridge' build argument 'catkin_skip_building_tests' from command line to 'False'
[1.449s] DEBUG:colcon.colcon_core.verb:Building package 'mqtt_rgb_bridge' with the following arguments: {'ament_cmake_args': None, 'build_base': '/home/turtlebot1/ros2_ws/src/build/mqtt_rgb_bridge', 'catkin_cmake_args': None, 'catkin_skip_building_tests': False, 'cmake_args': None, 'cmake_clean_cache': False, 'cmake_clean_first': False, 'cmake_force_configure': False, 'cmake_target': None, 'cmake_target_skip_unavailable': False, 'install_base': '/home/turtlebot1/ros2_ws/src/install/mqtt_rgb_bridge', 'merge_install': False, 'path': '/home/turtlebot1/ros2_ws/src/mqtt_rgb_bridge', 'symlink_install': True, 'test_result_base': None}
[1.450s] Level 5:colcon.colcon_core.verb:set package 'realsense_camera' build argument 'cmake_args' from command line to 'None'
[1.450s] Level 5:colcon.colcon_core.verb:set package 'realsense_camera' build argument 'cmake_target' from command line to 'None'
[1.450s] Level 5:colcon.colcon_core.verb:set package 'realsense_camera' build argument 'cmake_target_skip_unavailable' from command line to 'False'
[1.450s] Level 5:colcon.colcon_core.verb:set package 'realsense_camera' build argument 'cmake_clean_cache' from command line to 'False'
[1.450s] Level 5:colcon.colcon_core.verb:set package 'realsense_camera' build argument 'cmake_clean_first' from command line to 'False'
[1.451s] Level 5:colcon.colcon_core.verb:set package 'realsense_camera' build argument 'cmake_force_configure' from command line to 'False'
[1.451s] Level 5:colcon.colcon_core.verb:set package 'realsense_camera' build argument 'ament_cmake_args' from command line to 'None'
[1.451s] Level 5:colcon.colcon_core.verb:set package 'realsense_camera' build argument 'catkin_cmake_args' from command line to 'None'
[1.451s] Level 5:colcon.colcon_core.verb:set package 'realsense_camera' build argument 'catkin_skip_building_tests' from command line to 'False'
[1.451s] DEBUG:colcon.colcon_core.verb:Building package 'realsense_camera' with the following arguments: {'ament_cmake_args': None, 'build_base': '/home/turtlebot1/ros2_ws/src/build/realsense_camera', 'catkin_cmake_args': None, 'catkin_skip_building_tests': False, 'cmake_args': None, 'cmake_clean_cache': False, 'cmake_clean_first': False, 'cmake_force_configure': False, 'cmake_target': None, 'cmake_target_skip_unavailable': False, 'install_base': '/home/turtlebot1/ros2_ws/src/install/realsense_camera', 'merge_install': False, 'path': '/home/turtlebot1/ros2_ws/src/realsense_camera', 'symlink_install': True, 'test_result_base': None}
[1.452s] INFO:colcon.colcon_core.executor:Executing jobs using 'parallel' executor
[1.455s] DEBUG:colcon.colcon_parallel_executor.executor.parallel:run_until_complete
[1.456s] INFO:colcon.colcon_ros.task.ament_cmake.build:Building ROS package in '/home/turtlebot1/ros2_ws/src/mqtt_rgb_bridge' with build type 'ament_cmake'
[1.457s] INFO:colcon.colcon_cmake.task.cmake.build:Building CMake package in '/home/turtlebot1/ros2_ws/src/mqtt_rgb_bridge'
[1.465s] INFO:colcon.colcon_core.plugin_system:Skipping extension 'colcon_core.shell.bat': Not used on non-Windows systems
[1.466s] INFO:colcon.colcon_core.shell:Skip shell extension 'powershell' for command environment: Not usable outside of PowerShell
[1.466s] DEBUG:colcon.colcon_core.shell:Skip shell extension 'dsv' for command environment
[1.486s] INFO:colcon.colcon_ros.task.ament_python.build:Building ROS package in '/home/turtlebot1/ros2_ws/src/realsense_camera' with build type 'ament_python'
[1.486s] Level 1:colcon.colcon_core.shell:create_environment_hook('realsense_camera', 'ament_prefix_path')
[1.487s] INFO:colcon.colcon_core.shell:Creating environment hook '/home/turtlebot1/ros2_ws/src/install/realsense_camera/share/realsense_camera/hook/ament_prefix_path.ps1'
[1.491s] INFO:colcon.colcon_core.shell:Creating environment descriptor '/home/turtlebot1/ros2_ws/src/install/realsense_camera/share/realsense_camera/hook/ament_prefix_path.dsv'
[1.493s] INFO:colcon.colcon_core.shell:Creating environment hook '/home/turtlebot1/ros2_ws/src/install/realsense_camera/share/realsense_camera/hook/ament_prefix_path.sh'
[1.497s] INFO:colcon.colcon_core.shell:Skip shell extension 'powershell' for command environment: Not usable outside of PowerShell
[1.497s] DEBUG:colcon.colcon_core.shell:Skip shell extension 'dsv' for command environment
[1.526s] DEBUG:colcon.colcon_core.event_handler.log_command:Invoking command in '/home/turtlebot1/ros2_ws/src/build/mqtt_rgb_bridge': CMAKE_PREFIX_PATH=${CMAKE_PREFIX_PATH}:/home/turtlebot1/turtlebot3_ws/install/turtlebot3_teleop:/home/turtlebot1/turtlebot3_ws/install/turtlebot3_example:/opt/ros/humble /usr/bin/cmake /home/turtlebot1/ros2_ws/src/mqtt_rgb_bridge -DAMENT_CMAKE_SYMLINK_INSTALL=1 -DCMAKE_INSTALL_PREFIX=/home/turtlebot1/ros2_ws/src/install/mqtt_rgb_bridge
[2.702s] INFO:colcon.colcon_core.task.python.build:Building Python package in '/home/turtlebot1/ros2_ws/src/realsense_camera'
[2.703s] INFO:colcon.colcon_core.shell:Skip shell extension 'powershell' for command environment: Not usable outside of PowerShell
[2.704s] DEBUG:colcon.colcon_core.shell:Skip shell extension 'dsv' for command environment
[4.499s] DEBUG:colcon.colcon_core.event_handler.log_command:Invoking command in '/home/turtlebot1/ros2_ws/src/build/realsense_camera': PYTHONPATH=/home/turtlebot1/ros2_ws/src/build/realsense_camera/prefix_override:/usr/lib/python3/dist-packages/colcon_core/task/python/colcon_distutils_commands:/home/turtlebot1/ros2_ws/src/install/realsense_camera/lib/python3.10/site-packages:${PYTHONPATH} /usr/bin/python3 -W ignore:setup.py install is deprecated -W ignore:easy_install command is deprecated setup.py develop --editable --build-directory /home/turtlebot1/ros2_ws/src/build/realsense_camera/build --no-deps symlink_data
[6.522s] Level 1:colcon.colcon_core.shell:create_environment_hook('realsense_camera', 'pythonpath_develop')
[6.523s] INFO:colcon.colcon_core.shell:Creating environment hook '/home/turtlebot1/ros2_ws/src/build/realsense_camera/share/realsense_camera/hook/pythonpath_develop.ps1'
[6.525s] DEBUG:colcon.colcon_core.event_handler.log_command:Invoked command in '/home/turtlebot1/ros2_ws/src/build/realsense_camera' returned '0': PYTHONPATH=/home/turtlebot1/ros2_ws/src/build/realsense_camera/prefix_override:/usr/lib/python3/dist-packages/colcon_core/task/python/colcon_distutils_commands:/home/turtlebot1/ros2_ws/src/install/realsense_camera/lib/python3.10/site-packages:${PYTHONPATH} /usr/bin/python3 -W ignore:setup.py install is deprecated -W ignore:easy_install command is deprecated setup.py develop --editable --build-directory /home/turtlebot1/ros2_ws/src/build/realsense_camera/build --no-deps symlink_data
[6.527s] INFO:colcon.colcon_core.shell:Creating environment descriptor '/home/turtlebot1/ros2_ws/src/build/realsense_camera/share/realsense_camera/hook/pythonpath_develop.dsv'
[6.529s] INFO:colcon.colcon_core.shell:Creating environment hook '/home/turtlebot1/ros2_ws/src/build/realsense_camera/share/realsense_camera/hook/pythonpath_develop.sh'
[6.542s] Level 1:colcon.colcon_core.environment:checking '/home/turtlebot1/ros2_ws/src/install/realsense_camera' for CMake module files
[6.545s] Level 1:colcon.colcon_core.environment:checking '/home/turtlebot1/ros2_ws/src/install/realsense_camera' for CMake config files
[6.548s] Level 1:colcon.colcon_core.environment:checking '/home/turtlebot1/ros2_ws/src/install/realsense_camera/lib'
[6.549s] Level 1:colcon.colcon_core.environment:checking '/home/turtlebot1/ros2_ws/src/install/realsense_camera/bin'
[6.550s] Level 1:colcon.colcon_core.environment:checking '/home/turtlebot1/ros2_ws/src/install/realsense_camera/lib/pkgconfig/realsense_camera.pc'
[6.551s] Level 1:colcon.colcon_core.environment:checking '/home/turtlebot1/ros2_ws/src/install/realsense_camera/lib/python3.10/site-packages'
[6.551s] Level 1:colcon.colcon_core.shell:create_environment_hook('realsense_camera', 'pythonpath')
[6.552s] INFO:colcon.colcon_core.shell:Creating environment hook '/home/turtlebot1/ros2_ws/src/install/realsense_camera/share/realsense_camera/hook/pythonpath.ps1'
[6.554s] INFO:colcon.colcon_core.shell:Creating environment descriptor '/home/turtlebot1/ros2_ws/src/install/realsense_camera/share/realsense_camera/hook/pythonpath.dsv'
[6.556s] INFO:colcon.colcon_core.shell:Creating environment hook '/home/turtlebot1/ros2_ws/src/install/realsense_camera/share/realsense_camera/hook/pythonpath.sh'
[6.559s] Level 1:colcon.colcon_core.environment:checking '/home/turtlebot1/ros2_ws/src/install/realsense_camera/bin'
[6.560s] Level 1:colcon.colcon_core.environment:create_environment_scripts_only(realsense_camera)
[6.561s] INFO:colcon.colcon_core.shell:Creating package script '/home/turtlebot1/ros2_ws/src/install/realsense_camera/share/realsense_camera/package.ps1'
[6.564s] INFO:colcon.colcon_core.shell:Creating package descriptor '/home/turtlebot1/ros2_ws/src/install/realsense_camera/share/realsense_camera/package.dsv'
[6.567s] INFO:colcon.colcon_core.shell:Creating package script '/home/turtlebot1/ros2_ws/src/install/realsense_camera/share/realsense_camera/package.sh'
[6.570s] INFO:colcon.colcon_core.shell:Creating package script '/home/turtlebot1/ros2_ws/src/install/realsense_camera/share/realsense_camera/package.bash'
[6.574s] INFO:colcon.colcon_core.shell:Creating package script '/home/turtlebot1/ros2_ws/src/install/realsense_camera/share/realsense_camera/package.zsh'
[6.576s] Level 1:colcon.colcon_core.environment:create_file_with_runtime_dependencies(/home/turtlebot1/ros2_ws/src/install/realsense_camera/share/colcon-core/packages/realsense_camera)
[9.307s] DEBUG:colcon.colcon_core.event_handler.log_command:Invoked command in '/home/turtlebot1/ros2_ws/src/build/mqtt_rgb_bridge' returned '0': CMAKE_PREFIX_PATH=${CMAKE_PREFIX_PATH}:/home/turtlebot1/turtlebot3_ws/install/turtlebot3_teleop:/home/turtlebot1/turtlebot3_ws/install/turtlebot3_example:/opt/ros/humble /usr/bin/cmake /home/turtlebot1/ros2_ws/src/mqtt_rgb_bridge -DAMENT_CMAKE_SYMLINK_INSTALL=1 -DCMAKE_INSTALL_PREFIX=/home/turtlebot1/ros2_ws/src/install/mqtt_rgb_bridge
[9.319s] DEBUG:colcon.colcon_core.event_handler.log_command:Invoking command in '/home/turtlebot1/ros2_ws/src/build/mqtt_rgb_bridge': CMAKE_PREFIX_PATH=${CMAKE_PREFIX_PATH}:/home/turtlebot1/turtlebot3_ws/install/turtlebot3_teleop:/home/turtlebot1/turtlebot3_ws/install/turtlebot3_example:/opt/ros/humble /usr/bin/cmake --build /home/turtlebot1/ros2_ws/src/build/mqtt_rgb_bridge -- -j4 -l4
[44.398s] DEBUG:colcon.colcon_core.event_handler.log_command:Invoked command in '/home/turtlebot1/ros2_ws/src/build/mqtt_rgb_bridge' returned '0': CMAKE_PREFIX_PATH=${CMAKE_PREFIX_PATH}:/home/turtlebot1/turtlebot3_ws/install/turtlebot3_teleop:/home/turtlebot1/turtlebot3_ws/install/turtlebot3_example:/opt/ros/humble /usr/bin/cmake --build /home/turtlebot1/ros2_ws/src/build/mqtt_rgb_bridge -- -j4 -l4
[44.442s] DEBUG:colcon.colcon_core.event_handler.log_command:Invoking command in '/home/turtlebot1/ros2_ws/src/build/mqtt_rgb_bridge': CMAKE_PREFIX_PATH=${CMAKE_PREFIX_PATH}:/home/turtlebot1/turtlebot3_ws/install/turtlebot3_teleop:/home/turtlebot1/turtlebot3_ws/install/turtlebot3_example:/opt/ros/humble /usr/bin/cmake --install /home/turtlebot1/ros2_ws/src/build/mqtt_rgb_bridge
[44.987s] Level 1:colcon.colcon_core.environment:create_environment_scripts_only(mqtt_rgb_bridge)
[44.988s] Level 1:colcon.colcon_core.environment:checking '/home/turtlebot1/ros2_ws/src/install/mqtt_rgb_bridge' for CMake module files
[44.990s] DEBUG:colcon.colcon_core.event_handler.log_command:Invoked command in '/home/turtlebot1/ros2_ws/src/build/mqtt_rgb_bridge' returned '0': CMAKE_PREFIX_PATH=${CMAKE_PREFIX_PATH}:/home/turtlebot1/turtlebot3_ws/install/turtlebot3_teleop:/home/turtlebot1/turtlebot3_ws/install/turtlebot3_example:/opt/ros/humble /usr/bin/cmake --install /home/turtlebot1/ros2_ws/src/build/mqtt_rgb_bridge
[44.992s] Level 1:colcon.colcon_core.environment:checking '/home/turtlebot1/ros2_ws/src/install/mqtt_rgb_bridge' for CMake config files
[44.994s] Level 1:colcon.colcon_core.shell:create_environment_hook('mqtt_rgb_bridge', 'cmake_prefix_path')
[44.995s] INFO:colcon.colcon_core.shell:Creating environment hook '/home/turtlebot1/ros2_ws/src/install/mqtt_rgb_bridge/share/mqtt_rgb_bridge/hook/cmake_prefix_path.ps1'
[44.997s] INFO:colcon.colcon_core.shell:Creating environment descriptor '/home/turtlebot1/ros2_ws/src/install/mqtt_rgb_bridge/share/mqtt_rgb_bridge/hook/cmake_prefix_path.dsv'
[44.998s] INFO:colcon.colcon_core.shell:Creating environment hook '/home/turtlebot1/ros2_ws/src/install/mqtt_rgb_bridge/share/mqtt_rgb_bridge/hook/cmake_prefix_path.sh'
[45.001s] Level 1:colcon.colcon_core.environment:checking '/home/turtlebot1/ros2_ws/src/install/mqtt_rgb_bridge/lib'
[45.001s] Level 1:colcon.colcon_core.environment:checking '/home/turtlebot1/ros2_ws/src/install/mqtt_rgb_bridge/bin'
[45.002s] Level 1:colcon.colcon_core.environment:checking '/home/turtlebot1/ros2_ws/src/install/mqtt_rgb_bridge/lib/pkgconfig/mqtt_rgb_bridge.pc'
[45.003s] Level 1:colcon.colcon_core.environment:checking '/home/turtlebot1/ros2_ws/src/install/mqtt_rgb_bridge/lib/python3.10/site-packages'
[45.004s] Level 1:colcon.colcon_core.environment:checking '/home/turtlebot1/ros2_ws/src/install/mqtt_rgb_bridge/bin'
[45.005s] INFO:colcon.colcon_core.shell:Creating package script '/home/turtlebot1/ros2_ws/src/install/mqtt_rgb_bridge/share/mqtt_rgb_bridge/package.ps1'
[45.008s] INFO:colcon.colcon_core.shell:Creating package descriptor '/home/turtlebot1/ros2_ws/src/install/mqtt_rgb_bridge/share/mqtt_rgb_bridge/package.dsv'
[45.009s] INFO:colcon.colcon_core.shell:Creating package script '/home/turtlebot1/ros2_ws/src/install/mqtt_rgb_bridge/share/mqtt_rgb_bridge/package.sh'
[45.011s] INFO:colcon.colcon_core.shell:Creating package script '/home/turtlebot1/ros2_ws/src/install/mqtt_rgb_bridge/share/mqtt_rgb_bridge/package.bash'
[45.013s] INFO:colcon.colcon_core.shell:Creating package script '/home/turtlebot1/ros2_ws/src/install/mqtt_rgb_bridge/share/mqtt_rgb_bridge/package.zsh'
[45.014s] Level 1:colcon.colcon_core.environment:create_file_with_runtime_dependencies(/home/turtlebot1/ros2_ws/src/install/mqtt_rgb_bridge/share/colcon-core/packages/mqtt_rgb_bridge)
[45.016s] Level 1:colcon.colcon_core.environment:create_environment_scripts_only(mqtt_rgb_bridge)
[45.017s] Level 1:colcon.colcon_core.environment:checking '/home/turtlebot1/ros2_ws/src/install/mqtt_rgb_bridge' for CMake module files
[45.021s] Level 1:colcon.colcon_core.environment:checking '/home/turtlebot1/ros2_ws/src/install/mqtt_rgb_bridge' for CMake config files
[45.022s] Level 1:colcon.colcon_core.shell:create_environment_hook('mqtt_rgb_bridge', 'cmake_prefix_path')
[45.023s] INFO:colcon.colcon_core.shell:Creating environment hook '/home/turtlebot1/ros2_ws/src/install/mqtt_rgb_bridge/share/mqtt_rgb_bridge/hook/cmake_prefix_path.ps1'
[45.025s] INFO:colcon.colcon_core.shell:Creating environment descriptor '/home/turtlebot1/ros2_ws/src/install/mqtt_rgb_bridge/share/mqtt_rgb_bridge/hook/cmake_prefix_path.dsv'
[45.027s] INFO:colcon.colcon_core.shell:Creating environment hook '/home/turtlebot1/ros2_ws/src/install/mqtt_rgb_bridge/share/mqtt_rgb_bridge/hook/cmake_prefix_path.sh'
[45.030s] Level 1:colcon.colcon_core.environment:checking '/home/turtlebot1/ros2_ws/src/install/mqtt_rgb_bridge/lib'
[45.030s] Level 1:colcon.colcon_core.environment:checking '/home/turtlebot1/ros2_ws/src/install/mqtt_rgb_bridge/bin'
[45.030s] Level 1:colcon.colcon_core.environment:checking '/home/turtlebot1/ros2_ws/src/install/mqtt_rgb_bridge/lib/pkgconfig/mqtt_rgb_bridge.pc'
[45.031s] Level 1:colcon.colcon_core.environment:checking '/home/turtlebot1/ros2_ws/src/install/mqtt_rgb_bridge/lib/python3.10/site-packages'
[45.033s] Level 1:colcon.colcon_core.environment:checking '/home/turtlebot1/ros2_ws/src/install/mqtt_rgb_bridge/bin'
[45.034s] INFO:colcon.colcon_core.shell:Creating package script '/home/turtlebot1/ros2_ws/src/install/mqtt_rgb_bridge/share/mqtt_rgb_bridge/package.ps1'
[45.036s] INFO:colcon.colcon_core.shell:Creating package descriptor '/home/turtlebot1/ros2_ws/src/install/mqtt_rgb_bridge/share/mqtt_rgb_bridge/package.dsv'
[45.038s] INFO:colcon.colcon_core.shell:Creating package script '/home/turtlebot1/ros2_ws/src/install/mqtt_rgb_bridge/share/mqtt_rgb_bridge/package.sh'
[45.041s] INFO:colcon.colcon_core.shell:Creating package script '/home/turtlebot1/ros2_ws/src/install/mqtt_rgb_bridge/share/mqtt_rgb_bridge/package.bash'
[45.043s] INFO:colcon.colcon_core.shell:Creating package script '/home/turtlebot1/ros2_ws/src/install/mqtt_rgb_bridge/share/mqtt_rgb_bridge/package.zsh'
[45.045s] Level 1:colcon.colcon_core.environment:create_file_with_runtime_dependencies(/home/turtlebot1/ros2_ws/src/install/mqtt_rgb_bridge/share/colcon-core/packages/mqtt_rgb_bridge)
[45.046s] DEBUG:colcon.colcon_parallel_executor.executor.parallel:closing loop
[45.047s] DEBUG:colcon.colcon_parallel_executor.executor.parallel:loop closed
[45.048s] DEBUG:colcon.colcon_parallel_executor.executor.parallel:run_until_complete finished with '0'
[45.048s] DEBUG:colcon.colcon_core.event_reactor:joining thread
[45.069s] INFO:colcon.colcon_core.plugin_system:Skipping extension 'colcon_notification.desktop_notification.notify_send': Could not find 'notify-send'
[45.069s] INFO:colcon.colcon_core.plugin_system:Skipping extension 'colcon_notification.desktop_notification.terminal_notifier': Not used on non-Darwin systems
[45.070s] INFO:colcon.colcon_core.plugin_system:Skipping extension 'colcon_notification.desktop_notification.win32': Not used on non-Windows systems
[45.070s] INFO:colcon.colcon_notification.desktop_notification:Sending desktop notification using 'notify2'
[45.073s] DEBUG:colcon.colcon_notification.desktop_notification.notify2:Failed to initialize notify2: org.freedesktop.DBus.Error.ServiceUnknown: The name org.freedesktop.Notifications was not provided by any .service files
[45.074s] DEBUG:colcon.colcon_core.event_reactor:joined thread
[45.075s] INFO:colcon.colcon_core.shell:Creating prefix script '/home/turtlebot1/ros2_ws/src/install/local_setup.ps1'
[45.078s] INFO:colcon.colcon_core.shell:Creating prefix util module '/home/turtlebot1/ros2_ws/src/install/_local_setup_util_ps1.py'
[45.084s] INFO:colcon.colcon_core.shell:Creating prefix chain script '/home/turtlebot1/ros2_ws/src/install/setup.ps1'
[45.092s] INFO:colcon.colcon_core.shell:Creating prefix script '/home/turtlebot1/ros2_ws/src/install/local_setup.sh'
[45.094s] INFO:colcon.colcon_core.shell:Creating prefix util module '/home/turtlebot1/ros2_ws/src/install/_local_setup_util_sh.py'
[45.097s] INFO:colcon.colcon_core.shell:Creating prefix chain script '/home/turtlebot1/ros2_ws/src/install/setup.sh'
[45.103s] INFO:colcon.colcon_core.shell:Creating prefix script '/home/turtlebot1/ros2_ws/src/install/local_setup.bash'
[45.105s] INFO:colcon.colcon_core.shell:Creating prefix chain script '/home/turtlebot1/ros2_ws/src/install/setup.bash'
[45.111s] INFO:colcon.colcon_core.shell:Creating prefix script '/home/turtlebot1/ros2_ws/src/install/local_setup.zsh'
[45.113s] INFO:colcon.colcon_core.shell:Creating prefix chain script '/home/turtlebot1/ros2_ws/src/install/setup.zsh'
