[3.012s] Invoking command in '/home/turtlebot1/ros2_ws/src/build/realsense_camera': PYTHONPATH=/home/turtlebot1/ros2_ws/src/build/realsense_camera/prefix_override:/usr/lib/python3/dist-packages/colcon_core/task/python/colcon_distutils_commands:/home/turtlebot1/ros2_ws/src/install/realsense_camera/lib/python3.10/site-packages:${PYTHONPATH} /usr/bin/python3 -W ignore:setup.py install is deprecated -W ignore:easy_install command is deprecated setup.py develop --editable --build-directory /home/turtlebot1/ros2_ws/src/build/realsense_camera/build --no-deps symlink_data
[4.224s] running develop
[4.871s] running egg_info
[4.871s] creating realsense_camera.egg-info
[4.872s] writing realsense_camera.egg-info/PKG-INFO
[4.873s] writing dependency_links to realsense_camera.egg-info/dependency_links.txt
[4.874s] writing entry points to realsense_camera.egg-info/entry_points.txt
[4.875s] writing requirements to realsense_camera.egg-info/requires.txt
[4.875s] writing top-level names to realsense_camera.egg-info/top_level.txt
[4.876s] writing manifest file 'realsense_camera.egg-info/SOURCES.txt'
[4.883s] reading manifest file 'realsense_camera.egg-info/SOURCES.txt'
[4.886s] writing manifest file 'realsense_camera.egg-info/SOURCES.txt'
[4.892s] running build_ext
[4.893s] Creating /home/turtlebot1/ros2_ws/src/install/realsense_camera/lib/python3.10/site-packages/realsense-camera.egg-link (link to .)
[4.896s] Installing rgb_publisher script to /home/turtlebot1/ros2_ws/src/install/realsense_camera/lib/realsense_camera
[4.898s] 
[4.898s] Installed /home/turtlebot1/ros2_ws/src/build/realsense_camera
[4.899s] running symlink_data
[4.899s] creating /home/turtlebot1/ros2_ws/src/install/realsense_camera/share/ament_index
[4.900s] creating /home/turtlebot1/ros2_ws/src/install/realsense_camera/share/ament_index/resource_index
[4.900s] creating /home/turtlebot1/ros2_ws/src/install/realsense_camera/share/ament_index/resource_index/packages
[4.901s] symbolically linking /home/turtlebot1/ros2_ws/src/build/realsense_camera/resource/realsense_camera -> /home/turtlebot1/ros2_ws/src/install/realsense_camera/share/ament_index/resource_index/packages
[4.902s] symbolically linking /home/turtlebot1/ros2_ws/src/build/realsense_camera/package.xml -> /home/turtlebot1/ros2_ws/src/install/realsense_camera/share/realsense_camera
[5.038s] Invoked command in '/home/turtlebot1/ros2_ws/src/build/realsense_camera' returned '0': PYTHONPATH=/home/turtlebot1/ros2_ws/src/build/realsense_camera/prefix_override:/usr/lib/python3/dist-packages/colcon_core/task/python/colcon_distutils_commands:/home/turtlebot1/ros2_ws/src/install/realsense_camera/lib/python3.10/site-packages:${PYTHONPATH} /usr/bin/python3 -W ignore:setup.py install is deprecated -W ignore:easy_install command is deprecated setup.py develop --editable --build-directory /home/turtlebot1/ros2_ws/src/build/realsense_camera/build --no-deps symlink_data
