[0.069s] Invoking command in '/home/turtlebot1/ros2_ws/src/build/mqtt_rgb_bridge': CMAKE_PREFIX_PATH=${CMAKE_PREFIX_PATH}:/home/turtlebot1/turtlebot3_ws/install/turtlebot3_teleop:/home/turtlebot1/turtlebot3_ws/install/turtlebot3_example:/opt/ros/humble /usr/bin/cmake /home/turtlebot1/ros2_ws/src/mqtt_rgb_bridge -DAMENT_CMAKE_SYMLINK_INSTALL=1 -DCMAKE_INSTALL_PREFIX=/home/turtlebot1/ros2_ws/src/install/mqtt_rgb_bridge
[0.918s] -- The C compiler identification is GNU 11.4.0
[1.658s] -- The CXX compiler identification is GNU 11.4.0
[1.705s] -- Detecting C compiler ABI info
[2.047s] -- Detecting C compiler ABI info - done
[2.072s] -- Check for working C compiler: /usr/bin/cc - skipped
[2.075s] -- Detecting C compile features
[2.077s] -- Detecting C compile features - done
[2.092s] -- Detecting CXX compiler ABI info
[2.465s] -- Detecting CXX compiler ABI info - done
[2.492s] -- Check for working CXX compiler: /usr/bin/c++ - skipped
[2.493s] -- Detecting CXX compile features
[2.495s] -- Detecting CXX compile features - done
[2.543s] -- Found ament_cmake: 1.3.12 (/opt/ros/humble/share/ament_cmake/cmake)
[3.455s] -- Found Python3: /usr/bin/python3 (found version "3.10.12") found components: Interpreter 
[3.810s] -- Override CMake install command with custom implementation using symlinks instead of copying resources
[4.266s] -- Found rclcpp: 16.0.17 (/opt/ros/humble/share/rclcpp/cmake)
[4.736s] -- Found rosidl_generator_c: 3.1.8 (/opt/ros/humble/share/rosidl_generator_c/cmake)
[4.801s] -- Found rosidl_adapter: 3.1.8 (/opt/ros/humble/share/rosidl_adapter/cmake)
[4.892s] -- Found rosidl_generator_cpp: 3.1.8 (/opt/ros/humble/share/rosidl_generator_cpp/cmake)
[5.037s] -- Using all available rosidl_typesupport_c: rosidl_typesupport_fastrtps_c;rosidl_typesupport_introspection_c
[5.189s] -- Using all available rosidl_typesupport_cpp: rosidl_typesupport_fastrtps_cpp;rosidl_typesupport_introspection_cpp
[5.619s] -- Found rmw_implementation_cmake: 6.1.2 (/opt/ros/humble/share/rmw_implementation_cmake/cmake)
[5.657s] -- Found rmw_cyclonedds_cpp: 1.3.4 (/opt/ros/humble/share/rmw_cyclonedds_cpp/cmake)
[5.877s] -- Using RMW implementation 'rmw_cyclonedds_cpp' as default
[5.984s] -- Looking for pthread.h
[6.392s] -- Looking for pthread.h - found
[6.393s] -- Performing Test CMAKE_HAVE_LIBC_PTHREAD
[6.749s] -- Performing Test CMAKE_HAVE_LIBC_PTHREAD - Success
[6.753s] -- Found Threads: TRUE  
[7.122s] -- Found sensor_msgs: 4.9.0 (/opt/ros/humble/share/sensor_msgs/cmake)
[7.382s] -- Found OpenCV: /usr (found version "4.5.4") 
[7.702s] -- Configuring done
[7.800s] -- Generating done
[7.818s] -- Build files have been written to: /home/turtlebot1/ros2_ws/src/build/mqtt_rgb_bridge
[7.850s] Invoked command in '/home/turtlebot1/ros2_ws/src/build/mqtt_rgb_bridge' returned '0': CMAKE_PREFIX_PATH=${CMAKE_PREFIX_PATH}:/home/turtlebot1/turtlebot3_ws/install/turtlebot3_teleop:/home/turtlebot1/turtlebot3_ws/install/turtlebot3_example:/opt/ros/humble /usr/bin/cmake /home/turtlebot1/ros2_ws/src/mqtt_rgb_bridge -DAMENT_CMAKE_SYMLINK_INSTALL=1 -DCMAKE_INSTALL_PREFIX=/home/turtlebot1/ros2_ws/src/install/mqtt_rgb_bridge
[7.862s] Invoking command in '/home/turtlebot1/ros2_ws/src/build/mqtt_rgb_bridge': CMAKE_PREFIX_PATH=${CMAKE_PREFIX_PATH}:/home/turtlebot1/turtlebot3_ws/install/turtlebot3_teleop:/home/turtlebot1/turtlebot3_ws/install/turtlebot3_example:/opt/ros/humble /usr/bin/cmake --build /home/turtlebot1/ros2_ws/src/build/mqtt_rgb_bridge -- -j4 -l4
[8.081s] [ 50%] [32mBuilding CXX object CMakeFiles/realsense_gpu_combined.dir/src/rgbpc.cpp.o[0m
[39.130s] [100%] [32m[1mLinking CXX executable realsense_gpu_combined[0m
[42.902s] [100%] Built target realsense_gpu_combined
[42.942s] Invoked command in '/home/turtlebot1/ros2_ws/src/build/mqtt_rgb_bridge' returned '0': CMAKE_PREFIX_PATH=${CMAKE_PREFIX_PATH}:/home/turtlebot1/turtlebot3_ws/install/turtlebot3_teleop:/home/turtlebot1/turtlebot3_ws/install/turtlebot3_example:/opt/ros/humble /usr/bin/cmake --build /home/turtlebot1/ros2_ws/src/build/mqtt_rgb_bridge -- -j4 -l4
[42.985s] Invoking command in '/home/turtlebot1/ros2_ws/src/build/mqtt_rgb_bridge': CMAKE_PREFIX_PATH=${CMAKE_PREFIX_PATH}:/home/turtlebot1/turtlebot3_ws/install/turtlebot3_teleop:/home/turtlebot1/turtlebot3_ws/install/turtlebot3_example:/opt/ros/humble /usr/bin/cmake --install /home/turtlebot1/ros2_ws/src/build/mqtt_rgb_bridge
[43.013s] -- Install configuration: ""
[43.015s] -- Execute custom install script
[43.017s] -- Symlinking: /home/turtlebot1/ros2_ws/src/install/mqtt_rgb_bridge/lib/mqtt_rgb_bridge/realsense_gpu_combined
[43.049s] -- Symlinking: /home/turtlebot1/ros2_ws/src/install/mqtt_rgb_bridge/share/ament_index/resource_index/package_run_dependencies/mqtt_rgb_bridge
[43.081s] -- Symlinking: /home/turtlebot1/ros2_ws/src/install/mqtt_rgb_bridge/share/ament_index/resource_index/parent_prefix_path/mqtt_rgb_bridge
[43.113s] -- Symlinking: /home/turtlebot1/ros2_ws/src/install/mqtt_rgb_bridge/share/mqtt_rgb_bridge/environment/ament_prefix_path.sh
[43.145s] -- Symlinking: /home/turtlebot1/ros2_ws/src/install/mqtt_rgb_bridge/share/mqtt_rgb_bridge/environment/ament_prefix_path.dsv
[43.177s] -- Symlinking: /home/turtlebot1/ros2_ws/src/install/mqtt_rgb_bridge/share/mqtt_rgb_bridge/environment/path.sh
[43.208s] -- Symlinking: /home/turtlebot1/ros2_ws/src/install/mqtt_rgb_bridge/share/mqtt_rgb_bridge/environment/path.dsv
[43.240s] -- Symlinking: /home/turtlebot1/ros2_ws/src/install/mqtt_rgb_bridge/share/mqtt_rgb_bridge/local_setup.bash
[43.272s] -- Symlinking: /home/turtlebot1/ros2_ws/src/install/mqtt_rgb_bridge/share/mqtt_rgb_bridge/local_setup.sh
[43.304s] -- Symlinking: /home/turtlebot1/ros2_ws/src/install/mqtt_rgb_bridge/share/mqtt_rgb_bridge/local_setup.zsh
[43.335s] -- Symlinking: /home/turtlebot1/ros2_ws/src/install/mqtt_rgb_bridge/share/mqtt_rgb_bridge/local_setup.dsv
[43.367s] -- Symlinking: /home/turtlebot1/ros2_ws/src/install/mqtt_rgb_bridge/share/mqtt_rgb_bridge/package.dsv
[43.399s] -- Symlinking: /home/turtlebot1/ros2_ws/src/install/mqtt_rgb_bridge/share/ament_index/resource_index/packages/mqtt_rgb_bridge
[43.432s] -- Symlinking: /home/turtlebot1/ros2_ws/src/install/mqtt_rgb_bridge/share/mqtt_rgb_bridge/cmake/mqtt_rgb_bridgeConfig.cmake
[43.463s] -- Symlinking: /home/turtlebot1/ros2_ws/src/install/mqtt_rgb_bridge/share/mqtt_rgb_bridge/cmake/mqtt_rgb_bridgeConfig-version.cmake
[43.495s] -- Symlinking: /home/turtlebot1/ros2_ws/src/install/mqtt_rgb_bridge/share/mqtt_rgb_bridge/package.xml
[43.533s] Invoked command in '/home/turtlebot1/ros2_ws/src/build/mqtt_rgb_bridge' returned '0': CMAKE_PREFIX_PATH=${CMAKE_PREFIX_PATH}:/home/turtlebot1/turtlebot3_ws/install/turtlebot3_teleop:/home/turtlebot1/turtlebot3_ws/install/turtlebot3_example:/opt/ros/humble /usr/bin/cmake --install /home/turtlebot1/ros2_ws/src/build/mqtt_rgb_bridge
